
{"level":"info","message":"Server running on port 1212"}
{"level":"info","message":"MongoDB connected"}
{"level":"info","message":"Login attempt for email: shailendra.chaudhary_cs21@gla.ac.in"}
{"level":"info","message":"Access token generated for user: shailendra.chaudhary_cs21@gla.ac.in"}
{"level":"info","message":"Refresh token saved for user: shailendra.chaudhary_cs21@gla.ac.in"}
{"level":"info","message":"Refresh token cookie set for user: shailendra.chaudhary_cs21@gla.ac.in"}
{"level":"info","message":"Login successful response sent to user: shailendra.chaudhary_cs21@gla.ac.in"}
{"level":"info","message":"Fetched all users successfully"}
{"level":"info","message":"Fetched all users successfully"}
{"level":"info","message":"Logout attempt"}
{"level":"info","message":"Refresh token removed from DB for user: shailendra.chaudhary_cs21@gla.ac.in"}
{"level":"info","message":"Refresh token cookie cleared for user: shailendra.chaudhary_cs21@gla.ac.in"}
{"level":"info","message":"Logout successful response sent for user: shailendra.chaudhary_cs21@gla.ac.in"}
{"level":"info","message":"Logout attempt"}
{"level":"warn","message":"Logout failed: No refresh token provided"}
{"level":"info","message":"Logout attempt"}
{"level":"warn","message":"Logout failed: No refresh token provided"}
{"level":"info","message":"Login attempt for email: shailendra.chaudhary_cs21@gla.ac.in"}
{"level":"info","message":"Access token generated for user: shailendra.chaudhary_cs21@gla.ac.in"}
{"level":"info","message":"Refresh token saved for user: shailendra.chaudhary_cs21@gla.ac.in"}
{"level":"info","message":"Refresh token cookie set for user: shailendra.chaudhary_cs21@gla.ac.in"}
{"level":"info","message":"Login successful response sent to user: shailendra.chaudhary_cs21@gla.ac.in"}
{"level":"info","message":"Login attempt for email: shailendra.chaudhary_cs21@gla.ac.in"}
{"level":"info","message":"Access token generated for user: shailendra.chaudhary_cs21@gla.ac.in"}
{"level":"info","message":"Refresh token saved for user: shailendra.chaudhary_cs21@gla.ac.in"}
{"level":"info","message":"Refresh token cookie set for user: shailendra.chaudhary_cs21@gla.ac.in"}
{"level":"info","message":"Login successful response sent to user: shailendra.chaudhary_cs21@gla.ac.in"}
{"level":"info","message":"Login attempt for email: shailendra.chaudhary_cs21@gla.ac.in"}
{"level":"info","message":"Access token generated for user: shailendra.chaudhary_cs21@gla.ac.in"}
{"level":"info","message":"Refresh token saved for user: shailendra.chaudhary_cs21@gla.ac.in"}
{"level":"info","message":"Refresh token cookie set for user: shailendra.chaudhary_cs21@gla.ac.in"}
{"level":"info","message":"Login successful response sent to user: shailendra.chaudhary_cs21@gla.ac.in"}
{"level":"info","message":"Login attempt for email: shailendra.chaudhary_cs21@gla.ac.in"}
{"level":"info","message":"Access token generated for user: shailendra.chaudhary_cs21@gla.ac.in"}
{"level":"info","message":"Refresh token saved for user: shailendra.chaudhary_cs21@gla.ac.in"}
{"level":"info","message":"Refresh token cookie set for user: shailendra.chaudhary_cs21@gla.ac.in"}
{"level":"info","message":"Login successful response sent to user: shailendra.chaudhary_cs21@gla.ac.in"}
{"level":"info","message":"Login attempt for email: shailendra.chaudhary_cs21@gla.ac.in"}
{"level":"info","message":"Access token generated for user: shailendra.chaudhary_cs21@gla.ac.in"}
{"level":"info","message":"Refresh token saved for user: shailendra.chaudhary_cs21@gla.ac.in"}
{"level":"info","message":"Refresh token cookie set for user: shailendra.chaudhary_cs21@gla.ac.in"}
{"level":"info","message":"Login successful response sent to user: shailendra.chaudhary_cs21@gla.ac.in"}
{"level":"info","message":"Login attempt for email: shailendra.chaudhary_cs21@gla.ac.in"}
{"level":"info","message":"Access token generated for user: shailendra.chaudhary_cs21@gla.ac.in"}
{"level":"info","message":"Refresh token saved for user: shailendra.chaudhary_cs21@gla.ac.in"}
{"level":"info","message":"Refresh token cookie set for user: shailendra.chaudhary_cs21@gla.ac.in"}
{"level":"info","message":"Login successful response sent to user: shailendra.chaudhary_cs21@gla.ac.in"}
{"level":"info","message":"Login attempt for email: shailendra.chaudhary_cs21@gla.ac.in"}
{"level":"info","message":"Access token generated for user: shailendra.chaudhary_cs21@gla.ac.in"}
{"level":"info","message":"Refresh token saved for user: shailendra.chaudhary_cs21@gla.ac.in"}
{"level":"info","message":"Refresh token cookie set for user: shailendra.chaudhary_cs21@gla.ac.in"}
{"level":"info","message":"Login successful response sent to user: shailendra.chaudhary_cs21@gla.ac.in"}
{"level":"info","message":"Login attempt for email: shailendra.chaudhary_cs21@gla.ac.in"}
{"level":"info","message":"Access token generated for user: shailendra.chaudhary_cs21@gla.ac.in"}
{"level":"info","message":"Refresh token saved for user: shailendra.chaudhary_cs21@gla.ac.in"}
{"level":"info","message":"Refresh token cookie set for user: shailendra.chaudhary_cs21@gla.ac.in"}
{"level":"info","message":"Login successful response sent to user: shailendra.chaudhary_cs21@gla.ac.in"}
{"level":"info","message":"Login attempt for email: shailendra.chaudhary_cs21@gla.ac.in"}
{"level":"info","message":"Access token generated for user: shailendra.chaudhary_cs21@gla.ac.in"}
{"level":"info","message":"Refresh token saved for user: shailendra.chaudhary_cs21@gla.ac.in"}
{"level":"info","message":"Refresh token cookie set for user: shailendra.chaudhary_cs21@gla.ac.in"}
{"level":"info","message":"Login successful response sent to user: shailendra.chaudhary_cs21@gla.ac.in"}
{"level":"info","message":"Login attempt for email: shailendra.chaudhary_cs21@gla.ac.in"}
{"level":"info","message":"Access token generated for user: shailendra.chaudhary_cs21@gla.ac.in"}
{"level":"info","message":"Refresh token saved for user: shailendra.chaudhary_cs21@gla.ac.in"}
{"level":"info","message":"Refresh token cookie set for user: shailendra.chaudhary_cs21@gla.ac.in"}
{"level":"info","message":"Login successful response sent to user: shailendra.chaudhary_cs21@gla.ac.in"}
{"level":"info","message":"Login attempt for email: shailendra.chaudhary_cs21@gla.ac.in"}
{"level":"info","message":"Access token generated for user: shailendra.chaudhary_cs21@gla.ac.in"}
{"level":"info","message":"Refresh token saved for user: shailendra.chaudhary_cs21@gla.ac.in"}
{"level":"info","message":"Refresh token cookie set for user: shailendra.chaudhary_cs21@gla.ac.in"}
{"level":"info","message":"Login successful response sent to user: shailendra.chaudhary_cs21@gla.ac.in"}
{"level":"info","message":"Server running on port 1212"}
{"level":"info","message":"MongoDB connected"}
{"level":"info","message":"Login attempt for email: shailendra.chaudhary_cs21@gla.ac.in"}
{"level":"info","message":"Access token generated for user: shailendra.chaudhary_cs21@gla.ac.in"}
{"level":"info","message":"Refresh token saved for user: shailendra.chaudhary_cs21@gla.ac.in"}
{"level":"info","message":"Refresh token cookie set for user: shailendra.chaudhary_cs21@gla.ac.in"}
{"level":"info","message":"Login successful response sent to user: shailendra.chaudhary_cs21@gla.ac.in"}
{"level":"info","message":"Login attempt for email: shailendra.chaudhary_cs21@gla.ac.in"}
{"level":"info","message":"Access token generated for user: shailendra.chaudhary_cs21@gla.ac.in"}
{"level":"info","message":"Refresh token saved for user: shailendra.chaudhary_cs21@gla.ac.in"}
{"level":"info","message":"Refresh token cookie set for user: shailendra.chaudhary_cs21@gla.ac.in"}
{"level":"info","message":"Login successful response sent to user: shailendra.chaudhary_cs21@gla.ac.in"}
{"level":"info","message":"Login attempt for email: shailendra.chaudhary_cs21@gla.ac.in"}
{"level":"info","message":"Access token generated for user: shailendra.chaudhary_cs21@gla.ac.in"}
{"level":"info","message":"Refresh token saved for user: shailendra.chaudhary_cs21@gla.ac.in"}
{"level":"info","message":"Refresh token cookie set for user: shailendra.chaudhary_cs21@gla.ac.in"}
{"level":"info","message":"Login successful response sent to user: shailendra.chaudhary_cs21@gla.ac.in"}
{"level":"info","message":"Login attempt for email: shailendra.chaudhary_cs21@gla.ac.in"}
{"level":"info","message":"Access token generated for user: shailendra.chaudhary_cs21@gla.ac.in"}
{"level":"info","message":"Refresh token saved for user: shailendra.chaudhary_cs21@gla.ac.in"}
{"level":"info","message":"Refresh token cookie set for user: shailendra.chaudhary_cs21@gla.ac.in"}
{"level":"info","message":"Login successful response sent to user: shailendra.chaudhary_cs21@gla.ac.in"}
{"level":"info","message":"Login attempt for email: shailendra.chaudhary_cs21@gla.ac.in"}
{"level":"info","message":"Access token generated for user: shailendra.chaudhary_cs21@gla.ac.in"}
{"level":"info","message":"Refresh token saved for user: shailendra.chaudhary_cs21@gla.ac.in"}
{"level":"info","message":"Refresh token cookie set for user: shailendra.chaudhary_cs21@gla.ac.in"}
{"level":"info","message":"Login successful response sent to user: shailendra.chaudhary_cs21@gla.ac.in"}
{"level":"info","message":"Server running on port 1212"}
{"level":"info","message":"MongoDB connected"}
{"level":"info","message":"Login attempt for email: shailendra.chaudhary_cs21@gla.ac.in"}
{"level":"info","message":"Access token generated for user: shailendra.chaudhary_cs21@gla.ac.in"}
{"level":"info","message":"Refresh token saved for user: shailendra.chaudhary_cs21@gla.ac.in"}
{"level":"info","message":"Refresh token cookie set for user: shailendra.chaudhary_cs21@gla.ac.in"}
{"level":"info","message":"Login successful response sent to user: shailendra.chaudhary_cs21@gla.ac.in"}
{"level":"info","message":"Server running on port 1212"}
{"level":"info","message":"MongoDB connected"}
{"level":"info","message":"Server running on port 1212"}
{"level":"info","message":"MongoDB connected"}
{"level":"info","message":"Server running on port 1212"}
{"level":"info","message":"MongoDB connected"}
{"level":"info","message":"Server running on port 1212"}
{"level":"info","message":"MongoDB connected"}
{"level":"info","message":"Server running on port 1212"}
{"level":"info","message":"Server running on port 1212"}
{"level":"info","message":"MongoDB connected"}
{"level":"info","message":"Login attempt for email: shailendra.chaudhary_cs21@gla.ac.in"}
{"level":"info","message":"Access token generated for user: shailendra.chaudhary_cs21@gla.ac.in"}
{"level":"info","message":"Login attempt for email: shailendra.chaudhary_cs21@gla.ac.in"}
{"level":"info","message":"Access token generated for user: shailendra.chaudhary_cs21@gla.ac.in"}
{"level":"info","message":"Server running on port 1212"}
{"level":"info","message":"MongoDB connected"}
{"level":"info","message":"Login attempt for email: shailendra.chaudhary_cs21@gla.ac.in"}
{"level":"info","message":"Access token generated for user: shailendra.chaudhary_cs21@gla.ac.in"}
{"level":"info","message":"Refresh token saved for user: shailendra.chaudhary_cs21@gla.ac.in"}
{"level":"info","message":"Refresh token cookie set for user: shailendra.chaudhary_cs21@gla.ac.in"}
{"level":"info","message":"Login successful response sent to user: shailendra.chaudhary_cs21@gla.ac.in"}
{"level":"info","message":"Server running on port 1212"}
{"level":"info","message":"MongoDB connected"}
{"level":"info","message":"Server running on port 1212"}
{"level":"info","message":"MongoDB connected"}
{"level":"info","message":"Server running on port 1212"}
{"level":"info","message":"MongoDB connected"}
{"level":"info","message":"Server running on port 1212"}
{"level":"info","message":"MongoDB connected"}
{"level":"info","message":"Server running on port 1212"}
{"level":"info","message":"MongoDB connected"}
{"level":"info","message":"Server running on port 1212"}
{"level":"info","message":"MongoDB connected"}
{"level":"info","message":"Login attempt for email: shailendra.chaudhary_cs21@gla.ac.in"}
{"level":"info","message":"Access token generated for user: shailendra.chaudhary_cs21@gla.ac.in"}
{"level":"info","message":"Refresh token saved for user: shailendra.chaudhary_cs21@gla.ac.in"}
{"level":"info","message":"Refresh token cookie set for user: shailendra.chaudhary_cs21@gla.ac.in"}
{"level":"info","message":"Login successful response sent to user: shailendra.chaudhary_cs21@gla.ac.in"}
{"level":"info","message":"Server running on port 1212"}
{"level":"info","message":"MongoDB connected"}
{"level":"info","message":"Server running on port 1212"}
{"level":"info","message":"MongoDB connected"}
{"level":"info","message":"Server running on port 1212"}
{"level":"info","message":"MongoDB connected"}
{"level":"info","message":"Server running on port 1212"}
{"level":"info","message":"MongoDB connected"}
{"level":"info","message":"Server running on port 1212"}
{"level":"info","message":"MongoDB connected"}
{"level":"info","message":"Server running on port 1212"}
{"level":"info","message":"MongoDB connected"}
{"level":"info","message":"Server running on port 1212"}
{"level":"info","message":"Server running on port 1212"}
{"level":"info","message":"MongoDB connected"}
{"level":"info","message":"Server running on port 1212"}
{"level":"info","message":"MongoDB connected"}
{"level":"info","message":"Server running on port 1212"}
{"level":"info","message":"MongoDB connected"}
{"level":"info","message":"Server running on port 1212"}
{"level":"info","message":"MongoDB connected"}
{"level":"info","message":"Create post request received. postId: 443, userId: 68ac6c38b99dc11235b2f7b9"}
{"level":"warn","message":"Duplicate post creation attempt. postId: 443, userId: 68ac6c38b99dc11235b2f7b9"}
{"level":"info","message":"Fetched all users successfully"}
{"level":"info","message":"Server running on port 1212"}
{"level":"info","message":"MongoDB connected"}
{"level":"info","message":"Server running on port 1212"}
{"level":"info","message":"MongoDB connected"}
{"level":"info","message":"Server running on port 1212"}
{"level":"info","message":"MongoDB connected"}
{"level":"info","message":"Server running on port 1212"}
{"level":"info","message":"MongoDB connected"}
{"level":"info","message":"Server running on port 1212"}
{"level":"info","message":"MongoDB connected"}
{"level":"info","message":"Server running on port 1212"}
{"level":"info","message":"MongoDB connected"}
{"level":"info","message":"Server running on port 1212"}
{"level":"info","message":"MongoDB connected"}
{"level":"info","message":"Server running on port 1212"}
{"level":"info","message":"MongoDB connected"}
{"level":"info","message":"Server running on port 1212"}
{"level":"info","message":"MongoDB connected"}
{"level":"info","message":"Server running on port 1212"}
{"level":"info","message":"MongoDB connected"}
{"level":"info","message":"Server running on port 1212"}
{"level":"info","message":"MongoDB connected"}
{"level":"info","message":"Server running on port 1212"}
{"level":"info","message":"MongoDB connected"}
{"level":"info","message":"Login attempt for email: shailendra.chaudhary_cs21@gla.ac.in"}
{"level":"info","message":"Access token generated for user: shailendra.chaudhary_cs21@gla.ac.in"}
{"level":"info","message":"Refresh token saved for user: shailendra.chaudhary_cs21@gla.ac.in"}
{"level":"info","message":"Refresh token cookie set for user: shailendra.chaudhary_cs21@gla.ac.in"}
{"level":"info","message":"Login successful response sent to user: shailendra.chaudhary_cs21@gla.ac.in"}
{"level":"info","message":"Fetched all users from DB in 106ms"}
{"level":"info","message":"Server running on port 1212"}
{"level":"info","message":"MongoDB connected"}
{"level":"info","message":"Server running on port 1212"}
{"level":"info","message":"MongoDB connected"}
{"level":"info","message":"Fetched all users from DB in 126ms"}
{"level":"info","message":"Fetched all users from DB in 85ms"}
{"level":"info","message":"Fetched all users from DB in 76ms"}
{"level":"info","message":"Fetched all users from Redis cache in 2ms"}
{"level":"info","message":"Fetched all users from Redis cache in 2ms"}
{"level":"info","message":"Server running on port 1212"}
{"level":"info","message":"MongoDB connected"}
{"level":"info","message":"Fetched all users from DB in 89ms"}
{"level":"info","message":"Fetched all users from DB in 68ms"}
{"level":"info","message":"Fetched all users from Redis cache in 3ms"}
{"level":"info","message":"Server running on port 1212"}
{"level":"info","message":"MongoDB connected"}
{"level":"info","message":"Fetched all users from DB in 109ms"}
{"level":"info","message":"Fetched all users from DB in 96ms"}
{"level":"info","message":"Fetched all users from DB in 96ms"}
{"level":"info","message":"Fetched all users from DB in 71ms"}
{"level":"info","message":"Fetched all users from Redis cache in 2ms"}
{"level":"info","message":"Server running on port 1212"}
{"level":"info","message":"MongoDB connected"}
{"level":"info","message":"Server running on port 1212"}
{"level":"info","message":"MongoDB connected"}
{"level":"info","message":"Fetched all users from DB in 107ms"}
{"level":"info","message":"Fetched all users from DB in 78ms"}
{"level":"info","message":"Fetched all users from Redis cache in 1ms"}
{"level":"info","message":"Fetched all users from DB in 91ms"}
{"level":"info","message":"Fetched all users from Redis cache in 2ms"}
{"level":"info","message":"Fetched all users from DB in 70ms"}
{"level":"info","message":"Fetched all users from DB in 141ms"}
{"level":"info","message":"Fetched all users from DB in 69ms"}
{"level":"info","message":"Fetched all users from Redis cache in 1ms"}
{"level":"info","message":"Request received: Get all posts"}
{"level":"info","message":"Fetched 10 posts successfully"}
{"level":"info","message":"Request received: Get all posts"}
{"level":"info","message":"Fetched 10 posts successfully"}
{"level":"info","message":"Request received: Get all posts"}
{"level":"info","message":"Fetched 10 posts successfully"}
{"level":"info","message":"Request received: Get all posts"}
{"level":"info","message":"Fetched 10 posts successfully"}
{"level":"info","message":"Server running on port 1212"}
{"level":"info","message":"MongoDB connected"}
{"level":"info","message":"Fetched post by id: 68ad9d62dd873027fdbb3986"}
{"level":"info","message":"Server running on port 1212"}
{"level":"info","message":"MongoDB connected"}
{"level":"info","message":"Fetched post by id 68ad9d62dd873027fdbb3986 from DB in 90ms"}
{"level":"info","message":"Fetched post by id 68ad9d62dd873027fdbb3986 from DB in 69ms"}
{"level":"info","message":"Fetched post by id 68ad9d62dd873027fdbb3986 from Redis cache in 2ms"}
{"level":"info","message":"Fetched post by id 68ad9d62dd873027fdbb3986 from Redis cache in 2ms"}
{"level":"info","message":"Server running on port 1212"}
{"level":"info","message":"MongoDB connected"}
{"level":"info","message":"Server running on port 1212"}
{"level":"info","message":"MongoDB connected"}
{"level":"info","message":"Fetched post by id 68ad9d62dd873027fdbb3986 from DB in 85ms"}
{"level":"info","message":"Fetched post by id 68ad9d62dd873027fdbb3986 from DB in 67ms"}
{"level":"info","message":"Fetched post by id 68ad9d62dd873027fdbb3986 from DB in 65ms"}
{"level":"info","message":"Fetched post by id 68ad9d62dd873027fdbb3986 from DB in 65ms"}
{"level":"info","message":"Fetched post by id 68ad9d62dd873027fdbb3986 from Redis cache in 2ms"}
{"level":"info","message":"Fetched post by id 68ad9d62dd873027fdbb3986 from DB in 63ms"}
{"level":"info","message":"Fetched all users from DB in 78ms"}
{"level":"info","message":"Fetched all users from DB in 65ms"}
{"level":"info","message":"Fetched all users from Redis cache in 1ms"}
{"level":"info","message":"Fetched all users from Redis cache in 2ms"}
{"level":"info","message":"Fetched all users from Redis cache in 1ms"}
{"level":"info","message":"Request received: Get all posts"}
{"level":"info","message":"Fetched all posts from DB in 64ms"}
{"level":"info","message":"Request received: Get all posts"}
{"level":"info","message":"Fetched all posts from Redis cache in 1ms"}
{"level":"info","message":"Request received: Get all posts"}
{"level":"info","message":"Fetched all posts from Redis cache in 2ms"}
